d:\nea\nea c++ rev 1\nea c++ rev 1\nea c++ rev 1\x64\debug\vc110.pdb
d:\nea\nea c++ rev 1\nea c++ rev 1\nea c++ rev 1\x64\debug\unnamedgame.cpp.nativecodeanalysis.xml
d:\nea\nea c++ rev 1\nea c++ rev 1\nea c++ rev 1\x64\debug\unnamedgame.obj
d:\nea\nea c++ rev 1\nea c++ rev 1\x64\debug\nea c++ rev 1.ilk
d:\nea\nea c++ rev 1\nea c++ rev 1\x64\debug\nea c++ rev 1.exe
d:\nea\nea c++ rev 1\nea c++ rev 1\x64\debug\nea c++ rev 1.pdb
g:\nea\nea c++ rev 1\nea c++ rev 1\nea c++ rev 1\x64\debug\nea c++ rev 1.ilk
g:\nea\nea c++ rev 1\nea c++ rev 1\x64\debug\nea c++ rev 1.exe
g:\nea\nea c++ rev 1\nea c++ rev 1\x64\debug\nea c++ rev 1.pdb
g:\nea\nea c++ rev 1\nea c++ rev 1\nea c++ rev 1\x64\debug\entity.obj
g:\nea\nea c++ rev 1\nea c++ rev 1\nea c++ rev 1\x64\debug\player.obj
g:\nea\nea c++ rev 1\nea c++ rev 1\nea c++ rev 1\x64\debug\source.obj
g:\nea\nea c++ rev 1\nea c++ rev 1\nea c++ rev 1\x64\debug\cl.command.1.tlog
g:\nea\nea c++ rev 1\nea c++ rev 1\nea c++ rev 1\x64\debug\cl.read.1.tlog
g:\nea\nea c++ rev 1\nea c++ rev 1\nea c++ rev 1\x64\debug\cl.write.1.tlog
g:\nea\nea c++ rev 1\nea c++ rev 1\nea c++ rev 1\x64\debug\link-cvtres.read.1.tlog
g:\nea\nea c++ rev 1\nea c++ rev 1\nea c++ rev 1\x64\debug\link-cvtres.write.1.tlog
g:\nea\nea c++ rev 1\nea c++ rev 1\nea c++ rev 1\x64\debug\link-rc.read.1.tlog
g:\nea\nea c++ rev 1\nea c++ rev 1\nea c++ rev 1\x64\debug\link-rc.write.1.tlog
g:\nea\nea c++ rev 1\nea c++ rev 1\nea c++ rev 1\x64\debug\link.command.1.tlog
g:\nea\nea c++ rev 1\nea c++ rev 1\nea c++ rev 1\x64\debug\link.read.1.tlog
g:\nea\nea c++ rev 1\nea c++ rev 1\nea c++ rev 1\x64\debug\link.write.1.tlog
g:\nea\nea c++ rev 1\nea c++ rev 1\nea c++ rev 1\x64\debug\nativecodeanalysis.read.1.tlog
g:\nea\nea c++ rev 1\nea c++ rev 1\nea c++ rev 1\x64\debug\vc110.idb
g:\nea\nea c++ rev 1\nea c++ rev 1\nea c++ rev 1\x64\debug\vc142.idb
g:\nea\nea c++ rev 1\nea c++ rev 1\nea c++ rev 1\x64\debug\vc110.pdb
g:\nea\nea c++ rev 1\nea c++ rev 1\nea c++ rev 1\x64\debug\vc142.pdb
g:\nea\nea c++ rev 1\nea c++ rev 1\nea c++ rev 1\x64\debug\unnamedgame.cpp.nativecodeanalysis.xml
g:\nea\nea c++ rev 1\nea c++ rev 1\nea c++ rev 1\x64\debug\vc.nativecodeanalysis.all.xml
g:\nea\nea c++ rev 1\nea c++ rev 1\x64\debug\nea c++ rev 1.ilk
g:\nea\nea c++ rev 1\nea c++ rev 1\nea c++ rev 1\x64\debug\nea c++ rev 1.tlog\cl.command.1.tlog
g:\nea\nea c++ rev 1\nea c++ rev 1\nea c++ rev 1\x64\debug\nea c++ rev 1.tlog\link.command.1.tlog
g:\nea\nea c++ rev 1\nea c++ rev 1\nea c++ rev 1\x64\debug\nea c++ rev 1.tlog\link.read.1.tlog
g:\nea\nea c++ rev 1\nea c++ rev 1\nea c++ rev 1\x64\debug\nea c++ rev 1.tlog\link.write.1.tlog
